2025-10-31T12:57:16.616+01:00  INFO 13369 --- [kvitt] [main] se.johan.kvitt.KvittApplication          : Starting KvittApplication using Java 21.0.8 with PID 13369 (/Users/johanhammerin/Documents/programmering/projekt/kvitt/build/classes/java/main started by johanhammerin in /Users/johanhammerin/Documents/programmering/projekt/kvitt)
2025-10-31T12:57:16.618+01:00  INFO 13369 --- [kvitt] [main] se.johan.kvitt.KvittApplication          : No active profile set, falling back to 1 default profile: "default"
2025-10-31T12:57:16.811+01:00  INFO 13369 --- [kvitt] [main] .s.d.r.c.RepositoryConfigurationDelegate : Bootstrapping Spring Data Reactive MongoDB repositories in DEFAULT mode.
2025-10-31T12:57:16.861+01:00  INFO 13369 --- [kvitt] [main] .s.d.r.c.RepositoryConfigurationDelegate : Finished Spring Data repository scanning in 47 ms. Found 2 Reactive MongoDB repository interfaces.
2025-10-31T12:57:17.089+01:00  INFO 13369 --- [kvitt] [main] org.mongodb.driver.client                : MongoClient with metadata {"application": {"name": "kvitt"}, "driver": {"name": "mongo-java-driver|reactive-streams|spring-boot", "version": "5.5.1"}, "os": {"type": "Darwin", "name": "Mac OS X", "architecture": "aarch64", "version": "26.0.1"}, "platform": "Java/Eclipse Adoptium/21.0.8+9-LTS"} created with settings MongoClientSettings{readPreference=primary, writeConcern=WriteConcern{w=majority, wTimeout=null ms, journal=null}, retryWrites=true, retryReads=true, readConcern=ReadConcern{level=null}, credential=MongoCredential{mechanism=null, userName='johan04hammerin_db_user', source='admin', password=<hidden>, mechanismProperties=<hidden>}, transportSettings=NettyTransportSettings{eventLoopGroup=io.netty.channel.nio.NioEventLoopGroup@43f03c23, socketChannelClass=null, allocator=null, sslContext=null}, commandListeners=[], codecRegistry=ProvidersCodecRegistry{codecProviders=[ValueCodecProvider{}, BsonValueCodecProvider{}, DBRefCodecProvider{}, DBObjectCodecProvider{}, DocumentCodecProvider{}, CollectionCodecProvider{}, IterableCodecProvider{}, MapCodecProvider{}, GeoJsonCodecProvider{}, GridFSFileCodecProvider{}, Jsr310CodecProvider{}, JsonObjectCodecProvider{}, BsonCodecProvider{}, EnumCodecProvider{}, com.mongodb.client.model.mql.ExpressionCodecProvider@7a1b8a46, com.mongodb.Jep395RecordCodecProvider@2921199d, com.mongodb.KotlinCodecProvider@3d40a3b4]}, loggerSettings=LoggerSettings{maxDocumentLength=1000}, clusterSettings={hosts=[127.0.0.1:27017], srvHost=kvitt.syrgchq.mongodb.net, srvServiceName=mongodb, mode=MULTIPLE, requiredClusterType=REPLICA_SET, requiredReplicaSetName='atlas-dyxpi4-shard-0', serverSelector='null', clusterListeners='[]', serverSelectionTimeout='30000 ms', localThreshold='15 ms'}, socketSettings=SocketSettings{connectTimeoutMS=10000, readTimeoutMS=0, receiveBufferSize=0, proxySettings=ProxySettings{host=null, port=null, username=null, password=null}}, heartbeatSocketSettings=SocketSettings{connectTimeoutMS=10000, readTimeoutMS=10000, receiveBufferSize=0, proxySettings=ProxySettings{host=null, port=null, username=null, password=null}}, connectionPoolSettings=ConnectionPoolSettings{maxSize=100, minSize=0, maxWaitTimeMS=120000, maxConnectionLifeTimeMS=0, maxConnectionIdleTimeMS=0, maintenanceInitialDelayMS=0, maintenanceFrequencyMS=60000, connectionPoolListeners=[], maxConnecting=2}, serverSettings=ServerSettings{heartbeatFrequencyMS=10000, minHeartbeatFrequencyMS=500, serverMonitoringMode=AUTO, serverListeners='[]', serverMonitorListeners='[]'}, sslSettings=SslSettings{enabled=true, invalidHostNameAllowed=false, context=null}, applicationName='kvitt', compressorList=[], uuidRepresentation=JAVA_LEGACY, serverApi=null, autoEncryptionSettings=null, dnsClient=null, inetAddressResolver=null, contextProvider=null, timeoutMS=null}
2025-10-31T12:57:17.092+01:00  INFO 13369 --- [kvitt] [cluster-ClusterId{value='6904a41ddf9feada139f9e3a', description='kvitt'}-srv-kvitt.syrgchq.mongodb.net] org.mongodb.driver.cluster               : Adding discovered server ac-s6qhthb-shard-00-00.syrgchq.mongodb.net:27017 to client view of cluster
2025-10-31T12:57:17.104+01:00  INFO 13369 --- [kvitt] [cluster-ClusterId{value='6904a41ddf9feada139f9e3a', description='kvitt'}-srv-kvitt.syrgchq.mongodb.net] org.mongodb.driver.cluster               : Adding discovered server ac-s6qhthb-shard-00-01.syrgchq.mongodb.net:27017 to client view of cluster
2025-10-31T12:57:17.105+01:00  INFO 13369 --- [kvitt] [cluster-ClusterId{value='6904a41ddf9feada139f9e3a', description='kvitt'}-srv-kvitt.syrgchq.mongodb.net] org.mongodb.driver.cluster               : Adding discovered server ac-s6qhthb-shard-00-02.syrgchq.mongodb.net:27017 to client view of cluster
2025-10-31T12:57:17.215+01:00  INFO 13369 --- [kvitt] [main] ctiveUserDetailsServiceAutoConfiguration : 

Using generated security password: 5c4d32c3-7d07-420b-ad01-24d4793f889c

2025-10-31T12:57:17.289+01:00 DEBUG 13369 --- [kvitt] [main] s.w.r.r.m.a.RequestMappingHandlerMapping : 7 mappings in 'requestMappingHandlerMapping'
2025-10-31T12:57:17.293+01:00 DEBUG 13369 --- [kvitt] [main] o.s.w.r.handler.SimpleUrlHandlerMapping  : Patterns [/webjars/**, /**] in 'resourceHandlerMapping'
2025-10-31T12:57:17.305+01:00 DEBUG 13369 --- [kvitt] [main] o.s.w.r.r.m.a.ControllerMethodResolver   : ControllerAdvice beans: none
2025-10-31T12:57:17.316+01:00 DEBUG 13369 --- [kvitt] [main] o.s.w.s.adapter.HttpWebHandlerAdapter    : enableLoggingRequestDetails='false': form data and headers will be masked to prevent unsafe logging of potentially sensitive data
2025-10-31T12:57:17.338+01:00  INFO 13369 --- [kvitt] [cluster-ClusterId{value='6904a41ddf9feada139f9e3a', description='kvitt'}-ac-s6qhthb-shard-00-00.syrgchq.mongodb.net:27017] org.mongodb.driver.cluster               : Monitor thread successfully connected to server with description ServerDescription{address=ac-s6qhthb-shard-00-00.syrgchq.mongodb.net:27017, type=REPLICA_SET_SECONDARY, cryptd=false, state=CONNECTED, ok=true, minWireVersion=0, maxWireVersion=25, maxDocumentSize=16777216, logicalSessionTimeoutMinutes=30, roundTripTimeNanos=118927875, minRoundTripTimeNanos=0, setName='atlas-dyxpi4-shard-0', canonicalAddress=ac-s6qhthb-shard-00-00.syrgchq.mongodb.net:27017, hosts=[ac-s6qhthb-shard-00-01.syrgchq.mongodb.net:27017, ac-s6qhthb-shard-00-00.syrgchq.mongodb.net:27017, ac-s6qhthb-shard-00-02.syrgchq.mongodb.net:27017], passives=[], arbiters=[], primary='ac-s6qhthb-shard-00-01.syrgchq.mongodb.net:27017', tagSet=TagSet{[Tag{name='availabilityZone', value='eun1-az1'}, Tag{name='diskState', value='READY'}, Tag{name='nodeType', value='ELECTABLE'}, Tag{name='provider', value='AWS'}, Tag{name='region', value='EU_NORTH_1'}, Tag{name='workloadType', value='OPERATIONAL'}]}, electionId=null, setVersion=31, topologyVersion=TopologyVersion{processId=68fa670ef6b83e66a0b0916a, counter=4}, lastWriteDate=Fri Oct 31 12:57:16 CET 2025, lastUpdateTimeNanos=428448654176541}
2025-10-31T12:57:17.338+01:00  INFO 13369 --- [kvitt] [cluster-ClusterId{value='6904a41ddf9feada139f9e3a', description='kvitt'}-ac-s6qhthb-shard-00-01.syrgchq.mongodb.net:27017] org.mongodb.driver.cluster               : Monitor thread successfully connected to server with description ServerDescription{address=ac-s6qhthb-shard-00-01.syrgchq.mongodb.net:27017, type=REPLICA_SET_PRIMARY, cryptd=false, state=CONNECTED, ok=true, minWireVersion=0, maxWireVersion=25, maxDocumentSize=16777216, logicalSessionTimeoutMinutes=30, roundTripTimeNanos=118927708, minRoundTripTimeNanos=0, setName='atlas-dyxpi4-shard-0', canonicalAddress=ac-s6qhthb-shard-00-01.syrgchq.mongodb.net:27017, hosts=[ac-s6qhthb-shard-00-01.syrgchq.mongodb.net:27017, ac-s6qhthb-shard-00-00.syrgchq.mongodb.net:27017, ac-s6qhthb-shard-00-02.syrgchq.mongodb.net:27017], passives=[], arbiters=[], primary='ac-s6qhthb-shard-00-01.syrgchq.mongodb.net:27017', tagSet=TagSet{[Tag{name='availabilityZone', value='eun1-az2'}, Tag{name='diskState', value='READY'}, Tag{name='nodeType', value='ELECTABLE'}, Tag{name='provider', value='AWS'}, Tag{name='region', value='EU_NORTH_1'}, Tag{name='workloadType', value='OPERATIONAL'}]}, electionId=7fffffff00000000000000b9, setVersion=31, topologyVersion=TopologyVersion{processId=68fa6625f1a61db666b3ceb0, counter=6}, lastWriteDate=Fri Oct 31 12:57:16 CET 2025, lastUpdateTimeNanos=428448654176541}
2025-10-31T12:57:17.338+01:00  INFO 13369 --- [kvitt] [cluster-ClusterId{value='6904a41ddf9feada139f9e3a', description='kvitt'}-ac-s6qhthb-shard-00-02.syrgchq.mongodb.net:27017] org.mongodb.driver.cluster               : Monitor thread successfully connected to server with description ServerDescription{address=ac-s6qhthb-shard-00-02.syrgchq.mongodb.net:27017, type=REPLICA_SET_SECONDARY, cryptd=false, state=CONNECTED, ok=true, minWireVersion=0, maxWireVersion=25, maxDocumentSize=16777216, logicalSessionTimeoutMinutes=30, roundTripTimeNanos=118927958, minRoundTripTimeNanos=0, setName='atlas-dyxpi4-shard-0', canonicalAddress=ac-s6qhthb-shard-00-02.syrgchq.mongodb.net:27017, hosts=[ac-s6qhthb-shard-00-01.syrgchq.mongodb.net:27017, ac-s6qhthb-shard-00-00.syrgchq.mongodb.net:27017, ac-s6qhthb-shard-00-02.syrgchq.mongodb.net:27017], passives=[], arbiters=[], primary='ac-s6qhthb-shard-00-01.syrgchq.mongodb.net:27017', tagSet=TagSet{[Tag{name='availabilityZone', value='eun1-az3'}, Tag{name='diskState', value='READY'}, Tag{name='nodeType', value='ELECTABLE'}, Tag{name='provider', value='AWS'}, Tag{name='region', value='EU_NORTH_1'}, Tag{name='workloadType', value='OPERATIONAL'}]}, electionId=null, setVersion=31, topologyVersion=TopologyVersion{processId=68fa685605e77a332a2ab6b6, counter=3}, lastWriteDate=Fri Oct 31 12:57:16 CET 2025, lastUpdateTimeNanos=428448654176541}
2025-10-31T12:57:17.339+01:00  INFO 13369 --- [kvitt] [cluster-ClusterId{value='6904a41ddf9feada139f9e3a', description='kvitt'}-ac-s6qhthb-shard-00-01.syrgchq.mongodb.net:27017] org.mongodb.driver.cluster               : Discovered replica set primary ac-s6qhthb-shard-00-01.syrgchq.mongodb.net:27017 with max election id 7fffffff00000000000000b9 and max set version 31
2025-10-31T12:57:17.355+01:00  INFO 13369 --- [kvitt] [main] o.s.b.web.embedded.netty.NettyWebServer  : Netty started on port 8080 (http)
2025-10-31T12:57:17.359+01:00  INFO 13369 --- [kvitt] [main] se.johan.kvitt.KvittApplication          : Started KvittApplication in 0.879 seconds (process running for 1.155)
2025-10-31T12:57:17.360+01:00  INFO 13369 --- [kvitt] [main] se.johan.kvitt.KvittApplication          : TEST — detta ska tvinga fram fil-loggning
2025-10-31T12:58:07.213+01:00 DEBUG 13369 --- [kvitt] [reactor-http-nio-3] o.s.w.s.adapter.HttpWebHandlerAdapter    : [55f196f3-1] HTTP GET "/test"
2025-10-31T12:58:07.228+01:00 DEBUG 13369 --- [kvitt] [parallel-1] o.s.w.s.s.DefaultWebSessionManager       : Created new WebSession.
2025-10-31T12:58:07.233+01:00 DEBUG 13369 --- [kvitt] [parallel-1] o.s.w.r.handler.SimpleUrlHandlerMapping  : [55f196f3-1] Mapped to ResourceWebHandler [classpath [META-INF/resources/], classpath [resources/], classpath [static/], classpath [public/]]
2025-10-31T12:58:07.234+01:00 DEBUG 13369 --- [kvitt] [parallel-1] o.s.w.r.resource.ResourceWebHandler      : [55f196f3-1] Resource not found
2025-10-31T12:58:07.242+01:00 DEBUG 13369 --- [kvitt] [parallel-1] org.springframework.web.HttpLogging      : [55f196f3-1] Resolved [NoResourceFoundException: 404 NOT_FOUND "No static resource test."] for HTTP GET /test
2025-10-31T12:58:07.250+01:00 DEBUG 13369 --- [kvitt] [parallel-1] org.springframework.web.HttpLogging      : [55f196f3-1] Encoding [{timestamp=Fri Oct 31 12:58:07 CET 2025, path=/test, status=404, error=Not Found, requestId=55f196f3 (truncated)...]
2025-10-31T12:58:07.265+01:00 DEBUG 13369 --- [kvitt] [parallel-1] o.s.w.s.adapter.HttpWebHandlerAdapter    : [55f196f3-1] Completed 404 NOT_FOUND
2025-10-31T12:58:25.092+01:00 DEBUG 13369 --- [kvitt] [reactor-http-nio-3] o.s.w.s.adapter.HttpWebHandlerAdapter    : [55f196f3-2] HTTP GET "/api/v1/event/test"
2025-10-31T12:58:25.094+01:00 DEBUG 13369 --- [kvitt] [parallel-2] o.s.w.s.s.DefaultWebSessionManager       : Created new WebSession.
2025-10-31T12:58:25.097+01:00 DEBUG 13369 --- [kvitt] [parallel-2] s.w.r.r.m.a.RequestMappingHandlerMapping : [55f196f3-2] Mapped to se.johan.kvitt.event.controller.EventController#test()
2025-10-31T12:58:25.108+01:00 DEBUG 13369 --- [kvitt] [parallel-2] o.s.w.r.r.m.a.ResponseBodyResultHandler  : [55f196f3-2] Using 'text/plain;charset=UTF-8' given [*/*] and supported [text/plain;charset=UTF-8, text/event-stream, text/plain;charset=UTF-8, */*]
2025-10-31T12:58:25.108+01:00 DEBUG 13369 --- [kvitt] [parallel-2] o.s.w.r.r.m.a.ResponseBodyResultHandler  : [55f196f3-2] 0..1 [java.lang.String]
2025-10-31T12:58:25.109+01:00 DEBUG 13369 --- [kvitt] [parallel-2] org.springframework.web.HttpLogging      : [55f196f3-2] Writing "test"
2025-10-31T12:58:25.110+01:00 DEBUG 13369 --- [kvitt] [parallel-2] o.s.w.s.adapter.HttpWebHandlerAdapter    : [55f196f3-2] Completed 200 OK
2025-10-31T12:58:35.422+01:00 DEBUG 13369 --- [kvitt] [reactor-http-nio-3] o.s.w.s.adapter.HttpWebHandlerAdapter    : [55f196f3-3] HTTP GET "/api/v1/event/getAllEvents?kvittUserId=68f7cb4c5f74d3f9084bd54f"
2025-10-31T12:58:35.424+01:00 DEBUG 13369 --- [kvitt] [parallel-3] o.s.w.s.s.DefaultWebSessionManager       : Created new WebSession.
2025-10-31T12:58:35.425+01:00 DEBUG 13369 --- [kvitt] [parallel-3] s.w.r.r.m.a.RequestMappingHandlerMapping : [55f196f3-3] Mapped to se.johan.kvitt.event.controller.EventController#getAllEventsById(String)
2025-10-31T12:58:35.432+01:00  INFO 13369 --- [kvitt] [parallel-3] s.j.kvitt.event.service.EventService     : 68f7cb4c5f74d3f9084bd54f requested all events
2025-10-31T12:58:35.638+01:00 DEBUG 13369 --- [kvitt] [nioEventLoopGroup-3-7] .s.w.r.r.m.a.ResponseEntityResultHandler : [55f196f3-3] Using 'application/json' given [*/*] and supported [application/json, application/*+json, application/x-ndjson, text/event-stream]
2025-10-31T12:58:35.638+01:00 DEBUG 13369 --- [kvitt] [nioEventLoopGroup-3-7] .s.w.r.r.m.a.ResponseEntityResultHandler : [55f196f3-3] 0..1 [java.util.List<se.johan.kvitt.event.dto.response.EventGetAllEventsByIdResponseDTO>]
2025-10-31T12:58:35.646+01:00 DEBUG 13369 --- [kvitt] [nioEventLoopGroup-3-7] org.springframework.web.HttpLogging      : [55f196f3-3] Encoding [[EventGetAllEventsByIdResponseDTO[title=Dammsugare, amount=64, expense=true, dateTime=2025-10-21T20: (truncated)...]
2025-10-31T12:58:35.648+01:00 DEBUG 13369 --- [kvitt] [nioEventLoopGroup-3-7] o.s.w.s.adapter.HttpWebHandlerAdapter    : [55f196f3-3] Completed 200 OK
2025-10-31T12:59:53.445+01:00 DEBUG 13369 --- [kvitt] [reactor-http-nio-5] o.s.w.s.adapter.HttpWebHandlerAdapter    : [13e0c3ed-4] HTTP GET "/api/v1/event/getAllEvents?kvittUserId=68f7cb4c5f74d3f9084bd54f"
2025-10-31T12:59:53.449+01:00 DEBUG 13369 --- [kvitt] [parallel-4] o.s.w.s.s.DefaultWebSessionManager       : Created new WebSession.
2025-10-31T12:59:53.450+01:00 DEBUG 13369 --- [kvitt] [parallel-4] s.w.r.r.m.a.RequestMappingHandlerMapping : [13e0c3ed-4] Mapped to se.johan.kvitt.event.controller.EventController#getAllEventsById(String)
2025-10-31T12:59:53.451+01:00  INFO 13369 --- [kvitt] [parallel-4] s.j.kvitt.event.service.EventService     : 68f7cb4c5f74d3f9084bd54f requested all events
2025-10-31T12:59:53.466+01:00 DEBUG 13369 --- [kvitt] [nioEventLoopGroup-3-7] .s.w.r.r.m.a.ResponseEntityResultHandler : [13e0c3ed-4] Using 'application/json' given [*/*] and supported [application/json, application/*+json, application/x-ndjson, text/event-stream]
2025-10-31T12:59:53.466+01:00 DEBUG 13369 --- [kvitt] [nioEventLoopGroup-3-7] .s.w.r.r.m.a.ResponseEntityResultHandler : [13e0c3ed-4] 0..1 [java.util.List<se.johan.kvitt.event.dto.response.EventGetAllEventsByIdResponseDTO>]
2025-10-31T12:59:53.467+01:00 DEBUG 13369 --- [kvitt] [nioEventLoopGroup-3-7] org.springframework.web.HttpLogging      : [13e0c3ed-4] Encoding [[EventGetAllEventsByIdResponseDTO[title=Dammsugare, amount=64, expense=true, dateTime=2025-10-21T20: (truncated)...]
2025-10-31T12:59:53.467+01:00 DEBUG 13369 --- [kvitt] [nioEventLoopGroup-3-7] o.s.w.s.adapter.HttpWebHandlerAdapter    : [13e0c3ed-4] Completed 200 OK
2025-10-31T13:06:18.360+01:00 DEBUG 13369 --- [kvitt] [reactor-http-nio-7] o.s.w.s.adapter.HttpWebHandlerAdapter    : [3e4468aa-5] HTTP POST "/api/v1/kvittUser/create"
2025-10-31T13:06:18.362+01:00 DEBUG 13369 --- [kvitt] [parallel-5] o.s.w.s.s.DefaultWebSessionManager       : Created new WebSession.
2025-10-31T13:06:18.363+01:00 DEBUG 13369 --- [kvitt] [parallel-5] s.w.r.r.m.a.RequestMappingHandlerMapping : [3e4468aa-5] Mapped to se.johan.kvitt.kvittUser.controller.KvittUserController#createKvittUser(KvittUserCreateKvittUserRequestDTO)
2025-10-31T13:06:18.366+01:00 DEBUG 13369 --- [kvitt] [parallel-5] .r.m.a.RequestBodyMethodArgumentResolver : [3e4468aa-5] Content-Type:application/json
2025-10-31T13:06:18.379+01:00 DEBUG 13369 --- [kvitt] [parallel-5] .r.m.a.RequestBodyMethodArgumentResolver : [3e4468aa-5] 0..1 [se.johan.kvitt.kvittUser.dto.request.KvittUserCreateKvittUserRequestDTO]
2025-10-31T13:06:18.392+01:00 DEBUG 13369 --- [kvitt] [reactor-http-nio-7] org.springframework.web.HttpLogging      : [3e4468aa-5] Decoded [KvittUserCreateKvittUserRequestDTO[username=admin, password=123]]
2025-10-31T13:06:18.410+01:00  INFO 13369 --- [kvitt] [reactor-http-nio-7] s.j.k.k.service.KvittUserService         : New KvittUser was created & saved
2025-10-31T13:06:18.517+01:00 DEBUG 13369 --- [kvitt] [nioEventLoopGroup-3-7] .s.w.r.r.m.a.ResponseEntityResultHandler : [3e4468aa-5] Using 'application/json' given [*/*] and supported [application/json, application/*+json, application/x-ndjson, text/event-stream]
2025-10-31T13:06:18.517+01:00 DEBUG 13369 --- [kvitt] [nioEventLoopGroup-3-7] .s.w.r.r.m.a.ResponseEntityResultHandler : [3e4468aa-5] 0..1 [se.johan.kvitt.kvittUser.model.KvittUser]
2025-10-31T13:06:18.518+01:00 DEBUG 13369 --- [kvitt] [nioEventLoopGroup-3-7] org.springframework.web.HttpLogging      : [3e4468aa-5] Encoding [KvittUser[id=6904a63adf9feada139f9e3b, username=admin, password=$2a$10$nQ3Pm6qksaR.uahHnqGh2OVlKgu5N (truncated)...]
2025-10-31T13:06:18.518+01:00 DEBUG 13369 --- [kvitt] [nioEventLoopGroup-3-7] o.s.w.s.adapter.HttpWebHandlerAdapter    : [3e4468aa-5] Completed 201 CREATED
2025-10-31T13:06:37.723+01:00  INFO 13369 --- [kvitt] [SpringApplicationShutdownHook] o.s.b.w.embedded.netty.GracefulShutdown  : Commencing graceful shutdown. Waiting for active requests to complete
2025-10-31T13:06:37.723+01:00  INFO 13369 --- [kvitt] [netty-shutdown] o.s.b.w.embedded.netty.GracefulShutdown  : Graceful shutdown complete
